<?xml version="1.0" encoding="UTF-8"?>
<testsuite name="crcl.utils.CRCLPosemathTest" time="0.05" tests="64" errors="0" skipped="0" failures="0">
  <properties>
[...]
</properties>
  <testcase name="testDiffPoints" classname="crcl.utils.CRCLPosemathTest" time="0"/>
  <testcase name="testPointToPmCartesian" classname="crcl.utils.CRCLPosemathTest" time="0.001"/>
  <testcase name="testDiffPosesTran" classname="crcl.utils.CRCLPosemathTest" time="0"/>
  <testcase name="testVectorToPmCartesian" classname="crcl.utils.CRCLPosemathTest" time="0"/>
  <testcase name="testToPoseType" classname="crcl.utils.CRCLPosemathTest" time="0"/>
  <testcase name="testToPmRotationMatrix" classname="crcl.utils.CRCLPosemathTest" time="0.014"/>
  <testcase name="testToPmRotationVector" classname="crcl.utils.CRCLPosemathTest" time="0"/>
  <testcase name="testMaxDiffDoubleArray" classname="crcl.utils.CRCLPosemathTest" time="0"/>
  <testcase name="testDiffPosesRot" classname="crcl.utils.CRCLPosemathTest" time="0"/>
  <testcase name="testToPointType" classname="crcl.utils.CRCLPosemathTest" time="0"/>
  <testcase name="testToPmRpy" classname="crcl.utils.CRCLPosemathTest" time="0.001"/>
  <testcase name="testPoseToString" classname="crcl.utils.CRCLPosemathTest" time="0.001"/>
  <testcase name="testToPoseType_3args" classname="crcl.utils.CRCLPosemathTest" time="0.001"/>
  <testcase name="testAdd" classname="crcl.utils.CRCLPosemathTest" time="0"/>
  <testcase name="testSubtract" classname="crcl.utils.CRCLPosemathTest" time="0.001"/>
  <testcase name="testMultiply_BigDecimal_VectorType" classname="crcl.utils.CRCLPosemathTest" time="0.003"/>
  <testcase name="testMultiply_double_VectorType" classname="crcl.utils.CRCLPosemathTest" time="0"/>
  <testcase name="testMultiply_BigDecimal_PointType" classname="crcl.utils.CRCLPosemathTest" time="0"/>
  <testcase name="testMultiply_double_PointType" classname="crcl.utils.CRCLPosemathTest" time="0"/>
  <testcase name="testDot_VectorType_VectorType" classname="crcl.utils.CRCLPosemathTest" time="0.001"/>
  <testcase name="testDot_VectorType_PointType" classname="crcl.utils.CRCLPosemathTest" time="0"/>
  <testcase name="testCross" classname="crcl.utils.CRCLPosemathTest" time="0.001"/>
  <testcase name="testMultiply_PoseType_PoseType" classname="crcl.utils.CRCLPosemathTest" time="0.005"/>
  <testcase name="testShift" classname="crcl.utils.CRCLPosemathTest" time="0"/>
  <testcase name="testToPoseType_PmCartesian_PmRotationVector" classname="crcl.utils.CRCLPosemathTest" time="0"/>
  <testcase name="testToPose" classname="crcl.utils.CRCLPosemathTest" time="0"/>
  <testcase name="testInvert" classname="crcl.utils.CRCLPosemathTest" time="0.003"/>
  <testcase name="testIdentityPose" classname="crcl.utils.CRCLPosemathTest" time="0.001"/>
  <testcase name="testToPmPose" classname="crcl.utils.CRCLPosemathTest" time="0.001"/>
  <testcase name="testToHomMat" classname="crcl.utils.CRCLPosemathTest" time="0.001"/>
  <testcase name="testGetPose" classname="crcl.utils.CRCLPosemathTest" time="0.001"/>
  <testcase name="testCompute2DTransform" classname="crcl.utils.CRCLPosemathTest" time="0.005"/>
  <testcase name="testCompute2DPmTransform" classname="crcl.utils.CRCLPosemathTest" time="0"/>
  <testcase name="testGetPoint" classname="crcl.utils.CRCLPosemathTest" time="0"/>
  <testcase name="testGetXAxis" classname="crcl.utils.CRCLPosemathTest" time="0"/>
  <testcase name="testGetZAxis" classname="crcl.utils.CRCLPosemathTest" time="0"/>
  <testcase name="testSetPose" classname="crcl.utils.CRCLPosemathTest" time="0.001"/>
  <testcase name="testSetPoint" classname="crcl.utils.CRCLPosemathTest" time="0"/>
  <testcase name="testSetXAxis" classname="crcl.utils.CRCLPosemathTest" time="0"/>
  <testcase name="testSetZAxis" classname="crcl.utils.CRCLPosemathTest" time="0"/>
  <testcase name="testInitPose" classname="crcl.utils.CRCLPosemathTest" time="0"/>
  <testcase name="testToPmCartesian" classname="crcl.utils.CRCLPosemathTest" time="0"/>
  <testcase name="testToPmPose_CRCLStatusType" classname="crcl.utils.CRCLPosemathTest" time="0"/>
  <testcase name="testToPmPose_PoseType" classname="crcl.utils.CRCLPosemathTest" time="0"/>
  <testcase name="testMultiply_PoseType_PointType" classname="crcl.utils.CRCLPosemathTest" time="0"/>
  <testcase name="testNorm" classname="crcl.utils.CRCLPosemathTest" time="0"/>
  <testcase name="testNormalize" classname="crcl.utils.CRCLPosemathTest" time="0"/>
  <testcase name="testToPose_PmPose" classname="crcl.utils.CRCLPosemathTest" time="0"/>
  <testcase name="testToPose_doubleArrArr" classname="crcl.utils.CRCLPosemathTest" time="0"/>
  <testcase name="testToPoseType_3args_1" classname="crcl.utils.CRCLPosemathTest" time="0"/>
  <testcase name="testToPoseType_3args_2" classname="crcl.utils.CRCLPosemathTest" time="0.001"/>
  <testcase name="testGetMaxId" classname="crcl.utils.CRCLPosemathTest" time="0.002"/>
  <testcase name="testToPoseType_PmCartesian_PmRpy" classname="crcl.utils.CRCLPosemathTest" time="0.001"/>
  <testcase name="testNewZeroedPoint" classname="crcl.utils.CRCLPosemathTest" time="0"/>
  <testcase name="testXyPoint2D_PointType" classname="crcl.utils.CRCLPosemathTest" time="0"/>
  <testcase name="testXyPoint2D_PoseType" classname="crcl.utils.CRCLPosemathTest" time="0"/>
  <testcase name="testRzPoint2D_PointType" classname="crcl.utils.CRCLPosemathTest" time="0.001"/>
  <testcase name="testRzPoint2D_PoseType" classname="crcl.utils.CRCLPosemathTest" time="0.001"/>
  <testcase name="testFlipXAxis_PoseType" classname="crcl.utils.CRCLPosemathTest" time="0"/>
  <testcase name="testTransformProgram" classname="crcl.utils.CRCLPosemathTest" time="0"/>
  <testcase name="testTransformProgramWithFilter" classname="crcl.utils.CRCLPosemathTest" time="0.001"/>
  <testcase name="testPose" classname="crcl.utils.CRCLPosemathTest" time="0.001"/>
  <testcase name="testPoint_3args_2" classname="crcl.utils.CRCLPosemathTest" time="0"/>
  <testcase name="testVector_3args_2" classname="crcl.utils.CRCLPosemathTest" time="0"/>
</testsuite>